2026-01-29 09:36:33 [[32minfo[39m]: Doctor 68e38b3d150e79aff594b848 availability fetched successfully.
2026-01-29 09:36:44 [[32minfo[39m]: Doctor 68e38b3d150e79aff594b848 availability fetched successfully.
2026-01-29 09:37:24 [[32minfo[39m]: Doctor 68e38b3d150e79aff594b848 availability fetched successfully.
2026-01-29 09:38:21 [[32minfo[39m]: Doctor 68e38b3d150e79aff594b848 availability fetched successfully.
2026-01-29 09:38:32 [[32minfo[39m]: Doctor 68e38b3d150e79aff594b848 availability fetched successfully.
2026-01-29 09:38:36 [[32minfo[39m]: Doctor 68e38b3d150e79aff594b848 availability fetched successfully.
2026-01-29 09:41:14 [[32minfo[39m]: Doctor 68e38b3d150e79aff594b848 availability fetched successfully.
2026-01-29 09:41:16 [[32minfo[39m]: Doctor 68e38b3d150e79aff594b848 availability fetched successfully.
2026-01-29 09:41:20 [[32minfo[39m]: Doctor 68e38b3d150e79aff594b848 availability fetched successfully.
2026-01-29 09:42:05 [[32minfo[39m]: Adding recurring availability. Full body: {"day":"Friday","startTime":"09:42","endTime":"11:42"}
2026-01-29 09:42:05 [[32minfo[39m]: Doctor ID: 68e38b3d150e79aff594b848
2026-01-29 09:42:05 [[32minfo[39m]: Processed slots: [{"day":"Friday","startTime":"09:42","endTime":"11:42"}]
2026-01-29 09:42:05 [[32minfo[39m]: Processing recurring slot for day 5 (Friday), time: 09:42-11:42
2026-01-29 09:42:05 [[32minfo[39m]: Added recurring pattern for day 5
2026-01-29 09:42:05 [[32minfo[39m]: Total patterns added: 1, Total patterns now: 5
2026-01-29 09:42:05 [[32minfo[39m]: Availability saved successfully for doctor: 68e38b3d150e79aff594b848
2026-01-29 09:42:05 [[32minfo[39m]: Doctor 68e38b3d150e79aff594b848 availability fetched successfully.
2026-01-29 10:00:29 [[32minfo[39m]: Doctor 68e38b3d150e79aff594b848 availability fetched successfully.
2026-01-29 10:03:47 [[32minfo[39m]: Doctor 68e38b3d150e79aff594b848 availability fetched successfully.
2026-01-29 12:42:12 [[32minfo[39m]: Doctor 68e38b3d150e79aff594b848 availability fetched successfully.
2026-01-29 12:42:17 [[32minfo[39m]: Doctor 68e38b3d150e79aff594b848 availability fetched successfully.
2026-01-29 12:42:27 [[32minfo[39m]: Doctor 68e38b3d150e79aff594b848 availability fetched successfully.
2026-01-29 12:43:48 [[32minfo[39m]: Doctor 68e38b3d150e79aff594b848 availability fetched successfully.
2026-01-29 12:45:50 [[32minfo[39m]: Doctor 68e38b3d150e79aff594b848 availability fetched successfully.
2026-01-29 13:04:20 [[32minfo[39m]: Doctor 68e38b3d150e79aff594b848 availability fetched successfully.
2026-01-29 13:04:23 [[32minfo[39m]: Doctor 68e38b3d150e79aff594b848 availability fetched successfully.
2026-01-29 13:05:27 [[32minfo[39m]: Doctor 68e38b3d150e79aff594b848 availability fetched successfully.
2026-01-29 13:05:30 [[32minfo[39m]: Doctor 68e38b3d150e79aff594b848 availability fetched successfully.
2026-01-29 13:05:31 [[32minfo[39m]: Doctor 68e38b3d150e79aff594b848 availability fetched successfully.
2026-01-29 13:06:52 [[32minfo[39m]: Doctor 68e38b3d150e79aff594b848 availability fetched successfully.
2026-01-29 13:07:06 [[32minfo[39m]: Doctor 68e38b3d150e79aff594b848 availability fetched successfully.
2026-01-29 13:07:32 [[32minfo[39m]: Doctor 68e38b3d150e79aff594b848 availability fetched successfully.
2026-01-29 13:07:34 [[32minfo[39m]: Doctor 68e38b3d150e79aff594b848 availability fetched successfully.
2026-01-29 13:07:36 [[32minfo[39m]: Doctor 68e38b3d150e79aff594b848 availability fetched successfully.
2026-01-29 13:10:02 [[32minfo[39m]: Doctor 68e38b3d150e79aff594b848 availability fetched successfully.
2026-01-29 13:10:04 [[32minfo[39m]: Doctor 68e38b3d150e79aff594b848 availability fetched successfully.
2026-01-29 13:10:05 [[32minfo[39m]: Doctor 68e38b3d150e79aff594b848 availability fetched successfully.
2026-01-29 13:10:17 [[32minfo[39m]: Doctor 68e38b3d150e79aff594b848 availability fetched successfully.
2026-01-29 13:10:21 [[32minfo[39m]: Doctor 68e38b3d150e79aff594b848 availability fetched successfully.
2026-01-29 13:16:09 [[32minfo[39m]: Doctor 68e38b3d150e79aff594b848 availability fetched successfully.
2026-01-29 13:16:15 [[32minfo[39m]: Doctor 68e38b3d150e79aff594b848 availability fetched successfully.
2026-01-29 13:18:31 [[32minfo[39m]: Doctor 68e38b3d150e79aff594b848 availability fetched successfully.
2026-01-29 13:19:06 [[32minfo[39m]: Doctor 68e38b3d150e79aff594b848 availability fetched successfully.
2026-01-29 13:19:37 [[32minfo[39m]: Doctor 68e38b3d150e79aff594b848 availability fetched successfully.
2026-01-29 13:19:39 [[32minfo[39m]: Doctor 68e38b3d150e79aff594b848 availability fetched successfully.
2026-01-29 13:25:06 [[32minfo[39m]: Doctor 68e38b3d150e79aff594b848 availability fetched successfully.
2026-01-29 15:14:16 [[32minfo[39m]: Generating token for user ID: 68e38b3d150e79aff594b848 with role: doctor
2026-01-29 15:14:16 [[32minfo[39m]: User logged in: Doctor1@gmail.com
2026-01-29 15:30:46 [[32minfo[39m]: Doctor 68e38b3d150e79aff594b848 availability fetched successfully.
2026-01-29 15:30:56 [[32minfo[39m]: Doctor 68e38b3d150e79aff594b848 availability fetched successfully.
2026-01-29 15:32:27 [[32minfo[39m]: Doctor 68e38b3d150e79aff594b848 availability fetched successfully.
2026-01-29 15:33:58 [[32minfo[39m]: Doctor 68e38b3d150e79aff594b848 availability fetched successfully.
2026-01-29 15:34:32 [[32minfo[39m]: Doctor 68e38b3d150e79aff594b848 availability fetched successfully.
2026-01-29 15:35:04 [[32minfo[39m]: Doctor 68e38b3d150e79aff594b848 availability fetched successfully.
2026-01-29 15:35:07 [[32minfo[39m]: Doctor 68e38b3d150e79aff594b848 availability fetched successfully.
2026-01-29 15:35:55 [[32minfo[39m]: Doctor 68e38b3d150e79aff594b848 availability fetched successfully.
2026-01-29 15:35:56 [[32minfo[39m]: Doctor 68e38b3d150e79aff594b848 availability fetched successfully.
2026-01-29 15:36:00 [[32minfo[39m]: Doctor 68e38b3d150e79aff594b848 availability fetched successfully.
2026-01-29 15:39:17 [[32minfo[39m]: Doctor 68e38b3d150e79aff594b848 availability fetched successfully.
2026-01-29 15:39:20 [[32minfo[39m]: Doctor 68e38b3d150e79aff594b848 availability fetched successfully.
2026-01-29 15:40:17 [[32minfo[39m]: Doctor 68e38b3d150e79aff594b848 availability fetched successfully.
2026-01-29 15:40:26 [[32minfo[39m]: Doctor 68e38b3d150e79aff594b848 availability fetched successfully.
2026-01-29 15:45:17 [[32minfo[39m]: Doctor 68e38b3d150e79aff594b848 availability fetched successfully.
2026-01-29 15:45:35 [[32minfo[39m]: Doctor 68e38b3d150e79aff594b848 availability fetched successfully.
2026-01-29 15:45:45 [[32minfo[39m]: Doctor 68e38b3d150e79aff594b848 availability fetched successfully.
2026-01-29 15:45:51 [[32minfo[39m]: Doctor 68e38b3d150e79aff594b848 availability fetched successfully.
2026-01-29 15:51:24 [[32minfo[39m]: Doctor 68e38b3d150e79aff594b848 availability fetched successfully.
2026-01-29 15:51:30 [[32minfo[39m]: Doctor 68e38b3d150e79aff594b848 availability fetched successfully.
2026-01-29 15:55:33 [[32minfo[39m]: Doctor 68e38b3d150e79aff594b848 availability fetched successfully.
2026-01-29 15:55:44 [[32minfo[39m]: Doctor 68e38b3d150e79aff594b848 availability fetched successfully.
2026-01-29 16:14:25 [[32minfo[39m]: Doctor 68e38b3d150e79aff594b848 availability fetched successfully.
2026-01-29 16:16:23 [[32minfo[39m]: Doctor 68e38b3d150e79aff594b848 availability fetched successfully.
2026-01-29 16:37:42 [[32minfo[39m]: Doctor 68e38b3d150e79aff594b848 availability fetched successfully.
2026-01-29 19:06:28 [[32minfo[39m]: Doctor 68e38b3d150e79aff594b848 availability fetched successfully.
2026-01-29 19:06:31 [[32minfo[39m]: Doctor 68e38b3d150e79aff594b848 availability fetched successfully.
2026-01-29 19:15:27 [[32minfo[39m]: Doctor 68e38b3d150e79aff594b848 availability fetched successfully.
2026-01-29 19:15:36 [[32minfo[39m]: Doctor 68e38b3d150e79aff594b848 availability fetched successfully.
2026-01-29 19:41:07 [[32minfo[39m]: Doctor 68e38b3d150e79aff594b848 availability fetched successfully.
2026-01-29 19:41:49 [[32minfo[39m]: Doctor 68e38b3d150e79aff594b848 availability fetched successfully.
2026-01-29 19:41:58 [[32minfo[39m]: Doctor 68e38b3d150e79aff594b848 availability fetched successfully.
2026-01-29 19:42:08 [[32minfo[39m]: Doctor 68e38b3d150e79aff594b848 availability fetched successfully.
2026-01-29 19:42:48 [[32minfo[39m]: Doctor 68e38b3d150e79aff594b848 availability fetched successfully.
2026-01-29 19:42:52 [[32minfo[39m]: Doctor 68e38b3d150e79aff594b848 availability fetched successfully.
2026-01-29 19:47:10 [[32minfo[39m]: Doctor 68e38b3d150e79aff594b848 availability fetched successfully.
2026-01-29 19:47:13 [[32minfo[39m]: Doctor 68e38b3d150e79aff594b848 availability fetched successfully.
2026-01-29 19:48:26 [[32minfo[39m]: Doctor 68e38b3d150e79aff594b848 availability fetched successfully.
2026-01-29 19:48:29 [[32minfo[39m]: Doctor 68e38b3d150e79aff594b848 availability fetched successfully.
2026-01-29 19:51:55 [[32minfo[39m]: Doctor 68e38b3d150e79aff594b848 availability fetched successfully.
2026-01-29 19:59:24 [[32minfo[39m]: Doctor 68e38b3d150e79aff594b848 availability fetched successfully.
2026-01-29 20:05:55 [[32minfo[39m]: Doctor 68e38b3d150e79aff594b848 availability fetched successfully.
2026-01-29 20:05:59 [[32minfo[39m]: Doctor 68e38b3d150e79aff594b848 availability fetched successfully.
2026-01-29 20:09:48 [[32minfo[39m]: Doctor 68e38b3d150e79aff594b848 availability fetched successfully.
2026-01-29 20:09:51 [[32minfo[39m]: Doctor 68e38b3d150e79aff594b848 availability fetched successfully.
2026-01-29 20:13:04 [[32minfo[39m]: Doctor 68e38b3d150e79aff594b848 availability fetched successfully.
2026-01-29 20:13:09 [[32minfo[39m]: Doctor 68e38b3d150e79aff594b848 availability fetched successfully.
2026-01-29 20:26:52 [[32minfo[39m]: Doctor 68e38b3d150e79aff594b848 availability fetched successfully.
2026-01-29 20:26:56 [[32minfo[39m]: Doctor 68e38b3d150e79aff594b848 availability fetched successfully.
2026-01-29 20:34:47 [[32minfo[39m]: Doctor 68e38b3d150e79aff594b848 availability fetched successfully.
2026-01-29 20:35:18 [[32minfo[39m]: Doctor 68e38b3d150e79aff594b848 availability fetched successfully.
2026-01-29 20:36:26 [[32minfo[39m]: Doctor 68e38b3d150e79aff594b848 availability fetched successfully.
2026-01-29 20:42:27 [[32minfo[39m]: Doctor 68e38b3d150e79aff594b848 availability fetched successfully.
2026-01-29 20:42:43 [[32minfo[39m]: Doctor 68e38b3d150e79aff594b848 availability fetched successfully.
2026-01-29 20:43:06 [[32minfo[39m]: Doctor 68e38b3d150e79aff594b848 availability fetched successfully.
2026-01-29 20:43:35 [[32minfo[39m]: Doctor 68e38b3d150e79aff594b848 availability fetched successfully.
2026-01-29 20:50:07 [[32minfo[39m]: Doctor 68e38b3d150e79aff594b848 availability fetched successfully.
2026-01-29 20:50:19 [[32minfo[39m]: Doctor 68e38b3d150e79aff594b848 availability fetched successfully.
2026-01-29 20:50:23 [[32minfo[39m]: Doctor 68e38b3d150e79aff594b848 availability fetched successfully.
2026-01-29 20:50:44 [[32minfo[39m]: Doctor 68e38b3d150e79aff594b848 availability fetched successfully.
2026-01-29 20:51:07 [[32minfo[39m]: Doctor 68e38b3d150e79aff594b848 availability fetched successfully.
2026-01-29 20:51:32 [[32minfo[39m]: Doctor 68e38b3d150e79aff594b848 availability fetched successfully.
2026-01-29 22:14:38 [[32minfo[39m]: Doctor 68e38b3d150e79aff594b848 availability fetched successfully.
