2026-01-22 11:36:43 [[32minfo[39m]: Adding recurring availability. Full body: {"day":"Monday","startTime":"11:36","endTime":"13:36"}
2026-01-22 11:36:43 [[32minfo[39m]: Doctor ID: 68e38b3d150e79aff594b848
2026-01-22 11:36:43 [[32minfo[39m]: Processed slots: [{"day":"Monday","startTime":"11:36","endTime":"13:36"}]
2026-01-22 11:36:43 [[32minfo[39m]: Current slots count before adding: 8
2026-01-22 11:36:43 [[32minfo[39m]: Processing slot for Monday (day 1), time: 11:36-13:36
2026-01-22 11:36:43 [[32minfo[39m]: Total slots added: 4, Total slots now: 12
2026-01-22 11:36:43 [[32minfo[39m]: Availability saved successfully for doctor: 68e38b3d150e79aff594b848
2026-01-22 11:40:38 [[32minfo[39m]: Adding recurring availability. Full body: {"day":"Monday","startTime":"11:40","endTime":"13:40"}
2026-01-22 11:40:38 [[32minfo[39m]: Doctor ID: 68e38b3d150e79aff594b848
2026-01-22 11:40:38 [[32minfo[39m]: Processed slots: [{"day":"Monday","startTime":"11:40","endTime":"13:40"}]
2026-01-22 11:40:38 [[32minfo[39m]: Processing recurring slot for day 1 (Monday), time: 11:40-13:40
2026-01-22 11:40:38 [[32minfo[39m]: Added recurring pattern for day 1
2026-01-22 11:40:38 [[32minfo[39m]: Total patterns added: 1, Total patterns now: 13
2026-01-22 11:40:38 [[31merror[39m]: ValidationError: DoctorAvailability validation failed: slots.0.dayOfWeek: Path `dayOfWeek` is required., slots.1.dayOfWeek: Path `dayOfWeek` is required., slots.2.dayOfWeek: Path `dayOfWeek` is required., slots.3.dayOfWeek: Path `dayOfWeek` is required., slots.4.dayOfWeek: Path `dayOfWeek` is required., slots.5.dayOfWeek: Path `dayOfWeek` is required., slots.6.dayOfWeek: Path `dayOfWeek` is required., slots.7.dayOfWeek: Path `dayOfWeek` is required., slots.8.dayOfWeek: Path `dayOfWeek` is required., slots.9.dayOfWeek: Path `dayOfWeek` is required., slots.10.dayOfWeek: Path `dayOfWeek` is required., slots.11.dayOfWeek: Path `dayOfWeek` is required.
    at Document.invalidate (C:\Personal Projects\DocAtHome\backend\node_modules\mongoose\lib\document.js:3358:32)
    at Subdocument.invalidate (C:\Personal Projects\DocAtHome\backend\node_modules\mongoose\lib\types\subdocument.js:229:12)
    at C:\Personal Projects\DocAtHome\backend\node_modules\mongoose\lib\document.js:3119:17
    at C:\Personal Projects\DocAtHome\backend\node_modules\mongoose\lib\schemaType.js:1416:9
    at process.processTicksAndRejections (node:internal/process/task_queues:85:11)
2026-01-22 12:13:08 [[32minfo[39m]: Adding recurring availability. Full body: {"day":"Wednesday","startTime":"12:13","endTime":"14:13"}
2026-01-22 12:13:08 [[32minfo[39m]: Doctor ID: 68e38b3d150e79aff594b848
2026-01-22 12:13:08 [[32minfo[39m]: Processed slots: [{"day":"Wednesday","startTime":"12:13","endTime":"14:13"}]
2026-01-22 12:13:08 [[32minfo[39m]: Processing recurring slot for day 3 (Wednesday), time: 12:13-14:13
2026-01-22 12:13:08 [[32minfo[39m]: Added recurring pattern for day 3
2026-01-22 12:13:08 [[32minfo[39m]: Total patterns added: 1, Total patterns now: 3
2026-01-22 12:13:08 [[32minfo[39m]: Availability saved successfully for doctor: 68e38b3d150e79aff594b848
2026-01-22 13:40:33 [[32minfo[39m]: Calculated availability for doctor 68e38b3d150e79aff594b848: [{"day":"2026-01-25T18:30:00.000Z","dayOfWeek":1,"startTime":"11:42","endTime":"14:42","recurring":true,"_id":"6971bfda3605f8486137efd7"},{"day":"2026-01-26T18:30:00.000Z","dayOfWeek":2,"startTime":"13:44","endTime":"13:44","recurring":true,"_id":"6971c03c3605f8486137efdd"},{"day":"2026-01-27T18:30:00.000Z","dayOfWeek":3,"startTime":"12:13","endTime":"14:13","recurring":true,"_id":"6971c6fc259dfa19ebd3e7af"},{"day":"2026-02-01T18:30:00.000Z","dayOfWeek":1,"startTime":"11:42","endTime":"14:42","recurring":true,"_id":"6971bfda3605f8486137efd7"},{"day":"2026-02-02T18:30:00.000Z","dayOfWeek":2,"startTime":"13:44","endTime":"13:44","recurring":true,"_id":"6971c03c3605f8486137efdd"},{"day":"2026-02-03T18:30:00.000Z","dayOfWeek":3,"startTime":"12:13","endTime":"14:13","recurring":true,"_id":"6971c6fc259dfa19ebd3e7af"},{"day":"2026-02-08T18:30:00.000Z","dayOfWeek":1,"startTime":"11:42","endTime":"14:42","recurring":true,"_id":"6971bfda3605f8486137efd7"},{"day":"2026-02-09T18:30:00.000Z","dayOfWeek":2,"startTime":"13:44","endTime":"13:44","recurring":true,"_id":"6971c03c3605f8486137efdd"},{"day":"2026-02-10T18:30:00.000Z","dayOfWeek":3,"startTime":"12:13","endTime":"14:13","recurring":true,"_id":"6971c6fc259dfa19ebd3e7af"},{"day":"2026-02-15T18:30:00.000Z","dayOfWeek":1,"startTime":"11:42","endTime":"14:42","recurring":true,"_id":"6971bfda3605f8486137efd7"},{"day":"2026-02-16T18:30:00.000Z","dayOfWeek":2,"startTime":"13:44","endTime":"13:44","recurring":true,"_id":"6971c03c3605f8486137efdd"},{"day":"2026-02-17T18:30:00.000Z","dayOfWeek":3,"startTime":"12:13","endTime":"14:13","recurring":true,"_id":"6971c6fc259dfa19ebd3e7af"},{"day":"2026-02-22T18:30:00.000Z","dayOfWeek":1,"startTime":"11:42","endTime":"14:42","recurring":true,"_id":"6971bfda3605f8486137efd7"},{"day":"2026-02-23T18:30:00.000Z","dayOfWeek":2,"startTime":"13:44","endTime":"13:44","recurring":true,"_id":"6971c03c3605f8486137efdd"},{"day":"2026-02-24T18:30:00.000Z","dayOfWeek":3,"startTime":"12:13","endTime":"14:13","recurring":true,"_id":"6971c6fc259dfa19ebd3e7af"},{"day":"2026-03-01T18:30:00.000Z","dayOfWeek":1,"startTime":"11:42","endTime":"14:42","recurring":true,"_id":"6971bfda3605f8486137efd7"},{"day":"2026-03-02T18:30:00.000Z","dayOfWeek":2,"startTime":"13:44","endTime":"13:44","recurring":true,"_id":"6971c03c3605f8486137efdd"},{"day":"2026-03-03T18:30:00.000Z","dayOfWeek":3,"startTime":"12:13","endTime":"14:13","recurring":true,"_id":"6971c6fc259dfa19ebd3e7af"},{"day":"2026-03-08T18:30:00.000Z","dayOfWeek":1,"startTime":"11:42","endTime":"14:42","recurring":true,"_id":"6971bfda3605f8486137efd7"},{"day":"2026-03-09T18:30:00.000Z","dayOfWeek":2,"startTime":"13:44","endTime":"13:44","recurring":true,"_id":"6971c03c3605f8486137efdd"},{"day":"2026-03-10T18:30:00.000Z","dayOfWeek":3,"startTime":"12:13","endTime":"14:13","recurring":true,"_id":"6971c6fc259dfa19ebd3e7af"},{"day":"2026-03-15T18:30:00.000Z","dayOfWeek":1,"startTime":"11:42","endTime":"14:42","recurring":true,"_id":"6971bfda3605f8486137efd7"},{"day":"2026-03-16T18:30:00.000Z","dayOfWeek":2,"startTime":"13:44","endTime":"13:44","recurring":true,"_id":"6971c03c3605f8486137efdd"},{"day":"2026-03-17T18:30:00.000Z","dayOfWeek":3,"startTime":"12:13","endTime":"14:13","recurring":true,"_id":"6971c6fc259dfa19ebd3e7af"},{"day":"2026-03-22T18:30:00.000Z","dayOfWeek":1,"startTime":"11:42","endTime":"14:42","recurring":true,"_id":"6971bfda3605f8486137efd7"},{"day":"2026-03-23T18:30:00.000Z","dayOfWeek":2,"startTime":"13:44","endTime":"13:44","recurring":true,"_id":"6971c03c3605f8486137efdd"},{"day":"2026-03-24T18:30:00.000Z","dayOfWeek":3,"startTime":"12:13","endTime":"14:13","recurring":true,"_id":"6971c6fc259dfa19ebd3e7af"},{"day":"2026-03-29T18:30:00.000Z","dayOfWeek":1,"startTime":"11:42","endTime":"14:42","recurring":true,"_id":"6971bfda3605f8486137efd7"},{"day":"2026-03-30T18:30:00.000Z","dayOfWeek":2,"startTime":"13:44","endTime":"13:44","recurring":true,"_id":"6971c03c3605f8486137efdd"},{"day":"2026-03-31T18:30:00.000Z","dayOfWeek":3,"startTime":"12:13","endTime":"14:13","recurring":true,"_id":"6971c6fc259dfa19ebd3e7af"},{"day":"2026-04-05T18:30:00.000Z","dayOfWeek":1,"startTime":"11:42","endTime":"14:42","recurring":true,"_id":"6971bfda3605f8486137efd7"},{"day":"2026-04-06T18:30:00.000Z","dayOfWeek":2,"startTime":"13:44","endTime":"13:44","recurring":true,"_id":"6971c03c3605f8486137efdd"},{"day":"2026-04-07T18:30:00.000Z","dayOfWeek":3,"startTime":"12:13","endTime":"14:13","recurring":true,"_id":"6971c6fc259dfa19ebd3e7af"},{"day":"2026-04-12T18:30:00.000Z","dayOfWeek":1,"startTime":"11:42","endTime":"14:42","recurring":true,"_id":"6971bfda3605f8486137efd7"},{"day":"2026-04-13T18:30:00.000Z","dayOfWeek":2,"startTime":"13:44","endTime":"13:44","recurring":true,"_id":"6971c03c3605f8486137efdd"},{"day":"2026-04-14T18:30:00.000Z","dayOfWeek":3,"startTime":"12:13","endTime":"14:13","recurring":true,"_id":"6971c6fc259dfa19ebd3e7af"},{"day":"2026-04-19T18:30:00.000Z","dayOfWeek":1,"startTime":"11:42","endTime":"14:42","recurring":true,"_id":"6971bfda3605f8486137efd7"},{"day":"2026-04-20T18:30:00.000Z","dayOfWeek":2,"startTime":"13:44","endTime":"13:44","recurring":true,"_id":"6971c03c3605f8486137efdd"},{"day":"2026-04-21T18:30:00.000Z","dayOfWeek":3,"startTime":"12:13","endTime":"14:13","recurring":true,"_id":"6971c6fc259dfa19ebd3e7af"}]
2026-01-22 13:46:18 [[32minfo[39m]: Doctor 68e38b3d150e79aff594b848 availability fetched successfully.
2026-01-22 13:47:30 [[32minfo[39m]: Doctor 68e38b3d150e79aff594b848 availability fetched successfully.
2026-01-22 13:48:39 [[32minfo[39m]: Doctor 68e38b3d150e79aff594b848 availability fetched successfully.
2026-01-22 13:49:39 [[32minfo[39m]: Doctor 68e38b3d150e79aff594b848 availability fetched successfully.
2026-01-22 13:49:46 [[32minfo[39m]: Doctor 68e38b3d150e79aff594b848 availability fetched successfully.
2026-01-22 13:49:48 [[32minfo[39m]: Doctor 68e38b3d150e79aff594b848 availability fetched successfully.
2026-01-22 14:08:32 [[32minfo[39m]: Doctor 68e38b3d150e79aff594b848 availability fetched successfully.
2026-01-22 14:08:34 [[32minfo[39m]: Doctor 68e38b3d150e79aff594b848 availability fetched successfully.
2026-01-22 16:35:28 [[32minfo[39m]: Doctor 68e38b3d150e79aff594b848 availability fetched successfully.
